{
  "stats": {
    "suites": 1,
    "tests": 4,
    "passes": 4,
    "pending": 0,
    "failures": 0,
    "start": "2026-06-07T21:43:36.514Z",
    "end": "2026-06-07T21:43:55.978Z",
    "duration": 19464,
    "testsRegistered": 4,
    "passPercent": 100,
    "pendingPercent": 0,
    "other": 0,
    "hasOther": false,
    "skipped": 0,
    "hasSkipped": false
  },
  "results": [
    {
      "uuid": "6ca02f40-442b-4934-84f3-ad499cbd3d0f",
      "title": "",
      "fullFile": "cypress\\e2e\\admin-auth.cy.js",
      "file": "cypress\\e2e\\admin-auth.cy.js",
      "beforeHooks": [],
      "afterHooks": [],
      "tests": [],
      "suites": [
        {
          "uuid": "405c2152-e8d4-423f-a18f-4928f65ea3d4",
          "title": "Admin Authentication",
          "fullFile": "",
          "file": "",
          "beforeHooks": [],
          "afterHooks": [],
          "tests": [
            {
              "title": "TC-018: logs in with valid credentials",
              "fullTitle": "Admin Authentication TC-018: logs in with valid credentials",
              "timedOut": null,
              "duration": 14127,
              "state": "passed",
              "speed": "slow",
              "pass": true,
              "fail": false,
              "pending": false,
              "context": "{\n  \"title\": \"cypress-mochawesome-reporter-videos-passed\",\n  \"value\": \"cypress\\\\e2e\\\\admin-auth.cy.js\"\n}",
              "code": "cy.visit('/admin');\ncy.get('#username').type(Cypress.env('adminUser'));\ncy.get('#password').type(Cypress.env('adminPass'));\ncy.get('#doLogin').click();\ncy.url().should('include', '/admin');\ncy.contains('Room details');",
              "err": {},
              "uuid": "1cec2353-5dc9-48fb-9942-89aebd8a9111",
              "parentUUID": "405c2152-e8d4-423f-a18f-4928f65ea3d4",
              "isHook": false,
              "skipped": false
            },
            {
              "title": "TC-019: rejects invalid credentials",
              "fullTitle": "Admin Authentication TC-019: rejects invalid credentials",
              "timedOut": null,
              "duration": 2028,
              "state": "passed",
              "speed": "fast",
              "pass": true,
              "fail": false,
              "pending": false,
              "context": "{\n  \"title\": \"cypress-mochawesome-reporter-videos-passed\",\n  \"value\": \"cypress\\\\e2e\\\\admin-auth.cy.js\"\n}",
              "code": "cy.visit('/admin');\ncy.get('#username').type('admin');\ncy.get('#password').type('wrongpassword');\ncy.get('#doLogin').click();\ncy.get('.alert-danger').should('be.visible');\ncy.get('.roomlisting').should('not.exist');",
              "err": {},
              "uuid": "984dd9ba-1a14-41bf-9bf3-90175802072f",
              "parentUUID": "405c2152-e8d4-423f-a18f-4928f65ea3d4",
              "isHook": false,
              "skipped": false
            },
            {
              "title": "TC-020: shows error when credentials are blank",
              "fullTitle": "Admin Authentication TC-020: shows error when credentials are blank",
              "timedOut": null,
              "duration": 1069,
              "state": "passed",
              "speed": "fast",
              "pass": true,
              "fail": false,
              "pending": false,
              "context": "{\n  \"title\": \"cypress-mochawesome-reporter-videos-passed\",\n  \"value\": \"cypress\\\\e2e\\\\admin-auth.cy.js\"\n}",
              "code": "cy.visit('/admin');\ncy.get('#doLogin').click();\ncy.get('.alert-danger, .invalid-feedback').should('be.visible');",
              "err": {},
              "uuid": "18baf372-1f2b-4ae6-ab3d-71ac4bb74e44",
              "parentUUID": "405c2152-e8d4-423f-a18f-4928f65ea3d4",
              "isHook": false,
              "skipped": false
            },
            {
              "title": "TC-023: clears session on logout",
              "fullTitle": "Admin Authentication TC-023: clears session on logout",
              "timedOut": null,
              "duration": 1500,
              "state": "passed",
              "speed": "fast",
              "pass": true,
              "fail": false,
              "pending": false,
              "context": "{\n  \"title\": \"cypress-mochawesome-reporter-videos-passed\",\n  \"value\": \"cypress\\\\e2e\\\\admin-auth.cy.js\"\n}",
              "code": "cy.visit('/admin');\ncy.get('#username').type('admin');\ncy.get('#password').type('password');\ncy.get('#doLogin').click();\ncy.get('.ms-auto > :nth-child(2) > .btn').click();\ncy.clearCookies();\n// cy.visit('/admin')\n// cy.get('#username').should('be.visible')\n// cy.get('.roomlisting').should('not.exist')",
              "err": {},
              "uuid": "2a62e652-ddaa-44e4-ae82-f59fa79432a8",
              "parentUUID": "405c2152-e8d4-423f-a18f-4928f65ea3d4",
              "isHook": false,
              "skipped": false
            }
          ],
          "suites": [],
          "passes": [
            "1cec2353-5dc9-48fb-9942-89aebd8a9111",
            "984dd9ba-1a14-41bf-9bf3-90175802072f",
            "18baf372-1f2b-4ae6-ab3d-71ac4bb74e44",
            "2a62e652-ddaa-44e4-ae82-f59fa79432a8"
          ],
          "failures": [],
          "pending": [],
          "skipped": [],
          "duration": 18724,
          "root": false,
          "rootEmpty": false,
          "_timeout": 2000
        }
      ],
      "passes": [],
      "failures": [],
      "pending": [],
      "skipped": [],
      "duration": 0,
      "root": true,
      "rootEmpty": true,
      "_timeout": 2000
    }
  ],
  "meta": {
    "mocha": {
      "version": "7.2.0"
    },
    "mochawesome": {
      "options": {
        "quiet": false,
        "reportFilename": "mochawesome",
        "saveHtml": false,
        "saveJson": true,
        "consoleReporter": "spec",
        "useInlineDiffs": false,
        "code": true
      },
      "version": "7.1.4"
    },
    "marge": {
      "options": {
        "reportDir": "cypress\\reports\\.jsons",
        "overwrite": false,
        "html": false,
        "json": true
      },
      "version": "6.3.2"
    }
  }
}