{
  "stats": {
    "suites": 1,
    "tests": 4,
    "passes": 4,
    "pending": 0,
    "failures": 0,
    "start": "2026-06-07T11:21:47.584Z",
    "end": "2026-06-07T11:22:08.522Z",
    "duration": 20938,
    "testsRegistered": 4,
    "passPercent": 100,
    "pendingPercent": 0,
    "other": 0,
    "hasOther": false,
    "skipped": 0,
    "hasSkipped": false
  },
  "results": [
    {
      "uuid": "f1f50cdb-ad90-468b-90f7-e346420ded31",
      "title": "",
      "fullFile": "cypress\\e2e\\admin-auth.cy.js",
      "file": "cypress\\e2e\\admin-auth.cy.js",
      "beforeHooks": [],
      "afterHooks": [],
      "tests": [],
      "suites": [
        {
          "uuid": "a3550b05-7bce-49a0-807c-e8b523d7f607",
          "title": "Admin Authentication",
          "fullFile": "",
          "file": "",
          "beforeHooks": [],
          "afterHooks": [],
          "tests": [
            {
              "title": "TC-018: logs in with valid credentials",
              "fullTitle": "Admin Authentication TC-018: logs in with valid credentials",
              "timedOut": null,
              "duration": 15434,
              "state": "passed",
              "speed": "slow",
              "pass": true,
              "fail": false,
              "pending": false,
              "context": "{\n  \"title\": \"cypress-mochawesome-reporter-videos-passed\",\n  \"value\": \"cypress\\\\e2e\\\\admin-auth.cy.js\"\n}",
              "code": "cy.visit('/admin');\ncy.get('#username').type(Cypress.env('adminUser'));\ncy.get('#password').type(Cypress.env('adminPass'));\ncy.get('#doLogin').click();\ncy.url().should('include', '/admin');\ncy.contains('Room details');",
              "err": {},
              "uuid": "c4affe4a-9aaf-4387-876a-bffe2eefffe5",
              "parentUUID": "a3550b05-7bce-49a0-807c-e8b523d7f607",
              "isHook": false,
              "skipped": false
            },
            {
              "title": "TC-019: rejects invalid credentials",
              "fullTitle": "Admin Authentication TC-019: rejects invalid credentials",
              "timedOut": null,
              "duration": 2035,
              "state": "passed",
              "speed": "fast",
              "pass": true,
              "fail": false,
              "pending": false,
              "context": "{\n  \"title\": \"cypress-mochawesome-reporter-videos-passed\",\n  \"value\": \"cypress\\\\e2e\\\\admin-auth.cy.js\"\n}",
              "code": "cy.visit('/admin');\ncy.get('#username').type('admin');\ncy.get('#password').type('wrongpassword');\ncy.get('#doLogin').click();\ncy.get('.alert-danger').should('be.visible');\ncy.get('.roomlisting').should('not.exist');",
              "err": {},
              "uuid": "47e8e32b-02c7-4e9c-89b5-5ce1e06dfa2a",
              "parentUUID": "a3550b05-7bce-49a0-807c-e8b523d7f607",
              "isHook": false,
              "skipped": false
            },
            {
              "title": "TC-020: shows error when credentials are blank",
              "fullTitle": "Admin Authentication TC-020: shows error when credentials are blank",
              "timedOut": null,
              "duration": 935,
              "state": "passed",
              "speed": "fast",
              "pass": true,
              "fail": false,
              "pending": false,
              "context": "{\n  \"title\": \"cypress-mochawesome-reporter-videos-passed\",\n  \"value\": \"cypress\\\\e2e\\\\admin-auth.cy.js\"\n}",
              "code": "cy.visit('/admin');\ncy.get('#doLogin').click();\ncy.get('.alert-danger, .invalid-feedback').should('be.visible');",
              "err": {},
              "uuid": "e1d86fe8-65e3-441b-9295-e1f8abd3dcc0",
              "parentUUID": "a3550b05-7bce-49a0-807c-e8b523d7f607",
              "isHook": false,
              "skipped": false
            },
            {
              "title": "TC-023: clears session on logout",
              "fullTitle": "Admin Authentication TC-023: clears session on logout",
              "timedOut": null,
              "duration": 1812,
              "state": "passed",
              "speed": "fast",
              "pass": true,
              "fail": false,
              "pending": false,
              "context": "{\n  \"title\": \"cypress-mochawesome-reporter-videos-passed\",\n  \"value\": \"cypress\\\\e2e\\\\admin-auth.cy.js\"\n}",
              "code": "cy.visit('/admin');\ncy.get('#username').type('admin');\ncy.get('#password').type('password');\ncy.get('#doLogin').click();\ncy.get('.ms-auto > :nth-child(2) > .btn').click();\ncy.clearCookies();\n// cy.visit('/admin')\n// cy.get('#username').should('be.visible')\n// cy.get('.roomlisting').should('not.exist')",
              "err": {},
              "uuid": "35d064f1-c37a-495a-a583-df55b2c5ace5",
              "parentUUID": "a3550b05-7bce-49a0-807c-e8b523d7f607",
              "isHook": false,
              "skipped": false
            }
          ],
          "suites": [],
          "passes": [
            "c4affe4a-9aaf-4387-876a-bffe2eefffe5",
            "47e8e32b-02c7-4e9c-89b5-5ce1e06dfa2a",
            "e1d86fe8-65e3-441b-9295-e1f8abd3dcc0",
            "35d064f1-c37a-495a-a583-df55b2c5ace5"
          ],
          "failures": [],
          "pending": [],
          "skipped": [],
          "duration": 20216,
          "root": false,
          "rootEmpty": false,
          "_timeout": 2000
        }
      ],
      "passes": [],
      "failures": [],
      "pending": [],
      "skipped": [],
      "duration": 0,
      "root": true,
      "rootEmpty": true,
      "_timeout": 2000
    }
  ],
  "meta": {
    "mocha": {
      "version": "7.2.0"
    },
    "mochawesome": {
      "options": {
        "quiet": false,
        "reportFilename": "mochawesome",
        "saveHtml": false,
        "saveJson": true,
        "consoleReporter": "spec",
        "useInlineDiffs": false,
        "code": true
      },
      "version": "7.1.4"
    },
    "marge": {
      "options": {
        "reportDir": "cypress\\reports\\.jsons",
        "overwrite": false,
        "html": false,
        "json": true
      },
      "version": "6.3.2"
    }
  }
}