{
  "stats": {
    "suites": 1,
    "tests": 5,
    "passes": 5,
    "pending": 0,
    "failures": 0,
    "start": "2026-06-15T10:08:55.803Z",
    "end": "2026-06-15T10:09:22.808Z",
    "duration": 27005,
    "testsRegistered": 5,
    "passPercent": 100,
    "pendingPercent": 0,
    "other": 0,
    "hasOther": false,
    "skipped": 0,
    "hasSkipped": false
  },
  "results": [
    {
      "uuid": "5458ec1a-efbc-4693-8ec2-0bf6a126098e",
      "title": "",
      "fullFile": "cypress\\e2e\\contact.cy.js",
      "file": "cypress\\e2e\\contact.cy.js",
      "beforeHooks": [],
      "afterHooks": [],
      "tests": [],
      "suites": [
        {
          "uuid": "19863898-87ea-4e10-a2e5-768773946c3f",
          "title": "Contact Form",
          "fullFile": "",
          "file": "",
          "beforeHooks": [],
          "afterHooks": [],
          "tests": [
            {
              "title": "TC-011: submits successfully with all valid fields",
              "fullTitle": "Contact Form TC-011: submits successfully with all valid fields",
              "timedOut": null,
              "duration": 8357,
              "state": "passed",
              "speed": "medium",
              "pass": true,
              "fail": false,
              "pending": false,
              "context": "{\n  \"title\": \"cypress-mochawesome-reporter-videos-passed\",\n  \"value\": \"cypress\\\\e2e\\\\contact.cy.js\"\n}",
              "code": "cy.get('[data-testid=\"ContactName\"]').type('John Doe');\ncy.get('[data-testid=\"ContactEmail\"]').type('john@example.com');\ncy.get('[data-testid=\"ContactPhone\"]').type('01234567890');\ncy.get('[data-testid=\"ContactSubject\"]').type('Valid Subject Here');\ncy.get('[data-testid=\"ContactDescription\"]').type('This is a valid message with enough characters to pass.');\ncy.get('.d-grid > .btn').click();\ncy.contains('Thanks for getting in touch', {\n  timeout: 8000\n}).should('be.visible');",
              "err": {},
              "uuid": "7006a8f8-9d46-4b27-9bc9-bca5aa394ee3",
              "parentUUID": "19863898-87ea-4e10-a2e5-768773946c3f",
              "isHook": false,
              "skipped": false
            },
            {
              "title": "TC-012: shows errors when all fields are empty",
              "fullTitle": "Contact Form TC-012: shows errors when all fields are empty",
              "timedOut": null,
              "duration": 1657,
              "state": "passed",
              "speed": "fast",
              "pass": true,
              "fail": false,
              "pending": false,
              "context": "{\n  \"title\": \"cypress-mochawesome-reporter-videos-passed\",\n  \"value\": \"cypress\\\\e2e\\\\contact.cy.js\"\n}",
              "code": "cy.get('.d-grid > .btn').click();\ncy.get('.alert-danger').should('be.visible');",
              "err": {},
              "uuid": "e33b8ea8-92a3-40b1-bfb8-7a883cad48ad",
              "parentUUID": "19863898-87ea-4e10-a2e5-768773946c3f",
              "isHook": false,
              "skipped": false
            },
            {
              "title": "TC-013: rejects subject under 5 characters",
              "fullTitle": "Contact Form TC-013: rejects subject under 5 characters",
              "timedOut": null,
              "duration": 5412,
              "state": "passed",
              "speed": "medium",
              "pass": true,
              "fail": false,
              "pending": false,
              "context": "{\n  \"title\": \"cypress-mochawesome-reporter-videos-passed\",\n  \"value\": \"cypress\\\\e2e\\\\contact.cy.js\"\n}",
              "code": "cy.get('[data-testid=\"ContactName\"]').type('John Doe');\ncy.get('[data-testid=\"ContactEmail\"]').type('john@example.com');\ncy.get('[data-testid=\"ContactPhone\"]').type('01234567890');\ncy.get('[data-testid=\"ContactSubject\"]').type('Hi');\ncy.get('[data-testid=\"ContactDescription\"]').type('This is a valid message with enough characters.');\ncy.get('.d-grid > .btn').click();\ncy.get('.alert-danger').should('contain.text', 'Subject must be between 5 and 100 characters');",
              "err": {},
              "uuid": "4f85d7e4-e421-41ea-9cc6-954db539d00e",
              "parentUUID": "19863898-87ea-4e10-a2e5-768773946c3f",
              "isHook": false,
              "skipped": false
            },
            {
              "title": "TC-014: rejects message under 20 characters",
              "fullTitle": "Contact Form TC-014: rejects message under 20 characters",
              "timedOut": null,
              "duration": 3647,
              "state": "passed",
              "speed": "fast",
              "pass": true,
              "fail": false,
              "pending": false,
              "context": "{\n  \"title\": \"cypress-mochawesome-reporter-videos-passed\",\n  \"value\": \"cypress\\\\e2e\\\\contact.cy.js\"\n}",
              "code": "cy.get('[data-testid=\"ContactName\"]').type('John Doe');\ncy.get('[data-testid=\"ContactEmail\"]').type('john@example.com');\ncy.get('[data-testid=\"ContactPhone\"]').type('01234567890');\ncy.get('[data-testid=\"ContactSubject\"]').type('Valid Subject');\ncy.get('[data-testid=\"ContactDescription\"]').type('Too short');\ncy.get('.d-grid > .btn').click();\ncy.get('.alert-danger').should('be.visible');",
              "err": {},
              "uuid": "23e82fd1-ac08-4637-8711-c6957c28d2a8",
              "parentUUID": "19863898-87ea-4e10-a2e5-768773946c3f",
              "isHook": false,
              "skipped": false
            },
            {
              "title": "TC-015: rejects subject over 100 characters",
              "fullTitle": "Contact Form TC-015: rejects subject over 100 characters",
              "timedOut": null,
              "duration": 7057,
              "state": "passed",
              "speed": "medium",
              "pass": true,
              "fail": false,
              "pending": false,
              "context": "{\n  \"title\": \"cypress-mochawesome-reporter-videos-passed\",\n  \"value\": \"cypress\\\\e2e\\\\contact.cy.js\"\n}",
              "code": "cy.fixture('testData').then(data => {\n  cy.get('[data-testid=\"ContactName\"]').type('John Doe');\n  cy.get('[data-testid=\"ContactEmail\"]').type('john@example.com');\n  cy.get('[data-testid=\"ContactPhone\"]').type('01234567890');\n  cy.get('[data-testid=\"ContactSubject\"]').type(data.longString);\n  cy.get('[data-testid=\"ContactDescription\"]').type('This is a valid message with enough characters.');\n  cy.get('.d-grid > .btn').click();\n  cy.get('.alert-danger').should('be.visible');\n});",
              "err": {},
              "uuid": "ccf71011-2819-4283-90ac-a223e7f9f776",
              "parentUUID": "19863898-87ea-4e10-a2e5-768773946c3f",
              "isHook": false,
              "skipped": false
            }
          ],
          "suites": [],
          "passes": [
            "7006a8f8-9d46-4b27-9bc9-bca5aa394ee3",
            "e33b8ea8-92a3-40b1-bfb8-7a883cad48ad",
            "4f85d7e4-e421-41ea-9cc6-954db539d00e",
            "23e82fd1-ac08-4637-8711-c6957c28d2a8",
            "ccf71011-2819-4283-90ac-a223e7f9f776"
          ],
          "failures": [],
          "pending": [],
          "skipped": [],
          "duration": 26130,
          "root": false,
          "rootEmpty": false,
          "_timeout": 2000
        }
      ],
      "passes": [],
      "failures": [],
      "pending": [],
      "skipped": [],
      "duration": 0,
      "root": true,
      "rootEmpty": true,
      "_timeout": 2000
    }
  ],
  "meta": {
    "mocha": {
      "version": "7.2.0"
    },
    "mochawesome": {
      "options": {
        "quiet": false,
        "reportFilename": "mochawesome",
        "saveHtml": false,
        "saveJson": true,
        "consoleReporter": "spec",
        "useInlineDiffs": false,
        "code": true
      },
      "version": "7.1.4"
    },
    "marge": {
      "options": {
        "reportDir": "cypress\\reports\\.jsons",
        "overwrite": false,
        "html": false,
        "json": true
      },
      "version": "6.3.2"
    }
  }
}