{
  "stats": {
    "suites": 0,
    "tests": 2,
    "passes": 2,
    "pending": 0,
    "failures": 0,
    "start": "2026-06-15T10:08:32.540Z",
    "end": "2026-06-15T10:08:47.920Z",
    "duration": 15380,
    "testsRegistered": 2,
    "passPercent": 100,
    "pendingPercent": 0,
    "other": 0,
    "hasOther": false,
    "skipped": 0,
    "hasSkipped": false
  },
  "results": [
    {
      "uuid": "43419647-1e6b-4456-987a-1881f10d1601",
      "title": "",
      "fullFile": "cypress\\e2e\\branding.cy.js",
      "file": "cypress\\e2e\\branding.cy.js",
      "beforeHooks": [],
      "afterHooks": [],
      "tests": [
        {
          "title": "TC-035: updates hotel name and reflects it on the page",
          "fullTitle": "TC-035: updates hotel name and reflects it on the page",
          "timedOut": null,
          "duration": 7384,
          "state": "passed",
          "speed": "medium",
          "pass": true,
          "fail": false,
          "pending": false,
          "context": "{\n  \"title\": \"cypress-mochawesome-reporter-videos-passed\",\n  \"value\": \"cypress\\\\e2e\\\\branding.cy.js\"\n}",
          "code": "cy.get('#name').clear().type('Test Hotel Updated');\ncy.get('#updateBranding').click();",
          "err": {},
          "uuid": "abc7a019-cdd5-4add-96bd-9eac4b30a998",
          "parentUUID": "43419647-1e6b-4456-987a-1881f10d1601",
          "isHook": false,
          "skipped": false
        },
        {
          "title": "TC-036: updates contact phone and email",
          "fullTitle": "TC-036: updates contact phone and email",
          "timedOut": null,
          "duration": 7537,
          "state": "passed",
          "speed": "medium",
          "pass": true,
          "fail": false,
          "pending": false,
          "context": "{\n  \"title\": \"cypress-mochawesome-reporter-videos-passed\",\n  \"value\": \"cypress\\\\e2e\\\\branding.cy.js\"\n}",
          "code": "cy.get('#contactPhone').clear().type('09876543210');\ncy.get('#contactEmail').clear().type('updated@hotel.com');\ncy.get('#updateBranding').click();",
          "err": {},
          "uuid": "8530c3fc-67d2-4422-a3e7-7d880154787f",
          "parentUUID": "43419647-1e6b-4456-987a-1881f10d1601",
          "isHook": false,
          "skipped": false
        }
      ],
      "suites": [],
      "passes": [
        "abc7a019-cdd5-4add-96bd-9eac4b30a998",
        "8530c3fc-67d2-4422-a3e7-7d880154787f"
      ],
      "failures": [],
      "pending": [],
      "skipped": [],
      "duration": 14921,
      "root": true,
      "rootEmpty": false,
      "_timeout": 2000
    }
  ],
  "meta": {
    "mocha": {
      "version": "7.2.0"
    },
    "mochawesome": {
      "options": {
        "quiet": false,
        "reportFilename": "mochawesome",
        "saveHtml": false,
        "saveJson": true,
        "consoleReporter": "spec",
        "useInlineDiffs": false,
        "code": true
      },
      "version": "7.1.4"
    },
    "marge": {
      "options": {
        "reportDir": "cypress\\reports\\.jsons",
        "overwrite": false,
        "html": false,
        "json": true
      },
      "version": "6.3.2"
    }
  }
}