{
  "stats": {
    "suites": 1,
    "tests": 1,
    "passes": 1,
    "pending": 0,
    "failures": 0,
    "start": "2026-06-15T10:08:06.245Z",
    "end": "2026-06-15T10:08:25.197Z",
    "duration": 18952,
    "testsRegistered": 1,
    "passPercent": 100,
    "pendingPercent": 0,
    "other": 0,
    "hasOther": false,
    "skipped": 0,
    "hasSkipped": false
  },
  "results": [
    {
      "uuid": "bc750950-142c-4363-a655-7277d12a6261",
      "title": "",
      "fullFile": "cypress\\e2e\\booking.cy.js",
      "file": "cypress\\e2e\\booking.cy.js",
      "beforeHooks": [],
      "afterHooks": [],
      "tests": [],
      "suites": [
        {
          "uuid": "6625cca8-feac-42b3-9d63-3931695037ec",
          "title": "Booking Flow",
          "fullFile": "",
          "file": "",
          "beforeHooks": [],
          "afterHooks": [],
          "tests": [
            {
              "title": "TC-001: completes a booking with valid data",
              "fullTitle": "Booking Flow TC-001: completes a booking with valid data",
              "timedOut": null,
              "duration": 18751,
              "state": "passed",
              "speed": "slow",
              "pass": true,
              "fail": false,
              "pending": false,
              "context": "{\n  \"title\": \"cypress-mochawesome-reporter-videos-passed\",\n  \"value\": \"cypress\\\\e2e\\\\booking.cy.js\"\n}",
              "code": "// 1. Enter Check-in and Check-out dates in the availability form\n// The inputs are inside react-datepicker containers\ncy.get('label[for=\"checkin\"]').parent().find('input').clear().type('2028-06-13{enter}');\ncy.get('label[for=\"checkout\"]').parent().find('input').clear().type('2028-06-15{enter}');\n// 2. Click \"Check Availability\"\ncy.contains('button', 'Check Availability').click();\n// 3. Select the first available room's \"Book now\" button\n// This targets the first room card's primary button\ncy.get('#rooms > .container').first().find('a.btn-primary, button').contains('Book now').click();\ncy.wait(1000); // Wait for booking form to load\ncy.contains('button', 'Reserve Now').click();\ncy.scrollTo('top'); // Ensure form is in view\n// 4. Enter User Details (assuming navigation to reservation page or modal)\n// The fields use data-testid and standard IDs\ncy.get('[name=\"firstname\"]').type('Joe');\ncy.get('[name=\"lastname\"]').type('Smith');\ncy.get('.room-email').type(`joe.smith${Date.now()}@example.com`);\ncy.get('.room-phone').type('01234567890');\ncy.contains('button', 'Reserve Now').click();\ncy.wait(5000); // Wait for confirmation to process\n// 5. Confirm the Booking\ncy.contains('Booking Confirmed', {\n  timeout: 10000\n}).should('be.visible');\n// 6. Verify success (adjust based on actual success message)\ncy.contains('Your booking has been confirmed ').should('be.visible');\ncy.scrollTo('top'); // Ensure form is in view",
              "err": {},
              "uuid": "0b005aa6-bd01-4043-8134-b3c6733436e2",
              "parentUUID": "6625cca8-feac-42b3-9d63-3931695037ec",
              "isHook": false,
              "skipped": false
            }
          ],
          "suites": [],
          "passes": [
            "0b005aa6-bd01-4043-8134-b3c6733436e2"
          ],
          "failures": [],
          "pending": [],
          "skipped": [],
          "duration": 18751,
          "root": false,
          "rootEmpty": false,
          "_timeout": 2000
        }
      ],
      "passes": [],
      "failures": [],
      "pending": [],
      "skipped": [],
      "duration": 0,
      "root": true,
      "rootEmpty": true,
      "_timeout": 2000
    }
  ],
  "meta": {
    "mocha": {
      "version": "7.2.0"
    },
    "mochawesome": {
      "options": {
        "quiet": false,
        "reportFilename": "mochawesome",
        "saveHtml": false,
        "saveJson": true,
        "consoleReporter": "spec",
        "useInlineDiffs": false,
        "code": true
      },
      "version": "7.1.4"
    },
    "marge": {
      "options": {
        "reportDir": "cypress\\reports\\.jsons",
        "overwrite": false,
        "html": false,
        "json": true
      },
      "version": "6.3.2"
    }
  }
}