{
  "stats": {
    "suites": 1,
    "tests": 4,
    "passes": 4,
    "pending": 0,
    "failures": 0,
    "start": "2026-06-08T12:57:56.863Z",
    "end": "2026-06-08T12:58:17.813Z",
    "duration": 20950,
    "testsRegistered": 4,
    "passPercent": 100,
    "pendingPercent": 0,
    "other": 0,
    "hasOther": false,
    "skipped": 0,
    "hasSkipped": false
  },
  "results": [
    {
      "uuid": "e505c23f-dff6-4370-aa55-0eaa63d7f701",
      "title": "",
      "fullFile": "cypress\\e2e\\admin-auth.cy.js",
      "file": "cypress\\e2e\\admin-auth.cy.js",
      "beforeHooks": [],
      "afterHooks": [],
      "tests": [],
      "suites": [
        {
          "uuid": "541e38ec-b3e9-44d9-984f-3d1d4593a910",
          "title": "Admin Authentication",
          "fullFile": "",
          "file": "",
          "beforeHooks": [],
          "afterHooks": [],
          "tests": [
            {
              "title": "TC-018: logs in with valid credentials",
              "fullTitle": "Admin Authentication TC-018: logs in with valid credentials",
              "timedOut": null,
              "duration": 13067,
              "state": "passed",
              "speed": "slow",
              "pass": true,
              "fail": false,
              "pending": false,
              "context": "{\n  \"title\": \"cypress-mochawesome-reporter-videos-passed\",\n  \"value\": \"cypress\\\\e2e\\\\admin-auth.cy.js\"\n}",
              "code": "cy.visit('/admin');\ncy.get('#username').type(Cypress.env('adminUser'));\ncy.get('#password').type(Cypress.env('adminPass'));\ncy.get('#doLogin').click();\ncy.url().should('include', '/admin');\ncy.contains('Room details');",
              "err": {},
              "uuid": "47310064-9eec-4a70-8ec8-5b27c8f1cb5b",
              "parentUUID": "541e38ec-b3e9-44d9-984f-3d1d4593a910",
              "isHook": false,
              "skipped": false
            },
            {
              "title": "TC-019: rejects invalid credentials",
              "fullTitle": "Admin Authentication TC-019: rejects invalid credentials",
              "timedOut": null,
              "duration": 2655,
              "state": "passed",
              "speed": "fast",
              "pass": true,
              "fail": false,
              "pending": false,
              "context": "{\n  \"title\": \"cypress-mochawesome-reporter-videos-passed\",\n  \"value\": \"cypress\\\\e2e\\\\admin-auth.cy.js\"\n}",
              "code": "cy.visit('/admin');\ncy.get('#username').type('admin');\ncy.get('#password').type('wrongpassword');\ncy.get('#doLogin').click();\ncy.get('.alert-danger').should('be.visible');\ncy.get('.roomlisting').should('not.exist');",
              "err": {},
              "uuid": "58295b80-e849-4baa-9a8d-8e5b0277bb7f",
              "parentUUID": "541e38ec-b3e9-44d9-984f-3d1d4593a910",
              "isHook": false,
              "skipped": false
            },
            {
              "title": "TC-020: shows error when credentials are blank",
              "fullTitle": "Admin Authentication TC-020: shows error when credentials are blank",
              "timedOut": null,
              "duration": 1107,
              "state": "passed",
              "speed": "fast",
              "pass": true,
              "fail": false,
              "pending": false,
              "context": "{\n  \"title\": \"cypress-mochawesome-reporter-videos-passed\",\n  \"value\": \"cypress\\\\e2e\\\\admin-auth.cy.js\"\n}",
              "code": "cy.visit('/admin');\ncy.get('#doLogin').click();\ncy.get('.alert-danger, .invalid-feedback').should('be.visible');",
              "err": {},
              "uuid": "5cde939e-d923-4efe-91f0-73645ef3ae45",
              "parentUUID": "541e38ec-b3e9-44d9-984f-3d1d4593a910",
              "isHook": false,
              "skipped": false
            },
            {
              "title": "TC-023: clears session on logout",
              "fullTitle": "Admin Authentication TC-023: clears session on logout",
              "timedOut": null,
              "duration": 1896,
              "state": "passed",
              "speed": "fast",
              "pass": true,
              "fail": false,
              "pending": false,
              "context": "{\n  \"title\": \"cypress-mochawesome-reporter-videos-passed\",\n  \"value\": \"cypress\\\\e2e\\\\admin-auth.cy.js\"\n}",
              "code": "cy.visit('/admin');\ncy.get('#username').type('admin');\ncy.get('#password').type('password');\ncy.get('#doLogin').click();\ncy.get('.ms-auto > :nth-child(2) > .btn').click();\ncy.clearCookies();\n// cy.visit('/admin')\n// cy.get('#username').should('be.visible')\n// cy.get('.roomlisting').should('not.exist')",
              "err": {},
              "uuid": "19696c78-12a1-4b10-95e3-03084d00a97c",
              "parentUUID": "541e38ec-b3e9-44d9-984f-3d1d4593a910",
              "isHook": false,
              "skipped": false
            }
          ],
          "suites": [],
          "passes": [
            "47310064-9eec-4a70-8ec8-5b27c8f1cb5b",
            "58295b80-e849-4baa-9a8d-8e5b0277bb7f",
            "5cde939e-d923-4efe-91f0-73645ef3ae45",
            "19696c78-12a1-4b10-95e3-03084d00a97c"
          ],
          "failures": [],
          "pending": [],
          "skipped": [],
          "duration": 18725,
          "root": false,
          "rootEmpty": false,
          "_timeout": 2000
        }
      ],
      "passes": [],
      "failures": [],
      "pending": [],
      "skipped": [],
      "duration": 0,
      "root": true,
      "rootEmpty": true,
      "_timeout": 2000
    }
  ],
  "meta": {
    "mocha": {
      "version": "7.2.0"
    },
    "mochawesome": {
      "options": {
        "quiet": false,
        "reportFilename": "mochawesome",
        "saveHtml": false,
        "saveJson": true,
        "consoleReporter": "spec",
        "useInlineDiffs": false,
        "code": true
      },
      "version": "7.1.4"
    },
    "marge": {
      "options": {
        "reportDir": "cypress\\reports\\.jsons",
        "overwrite": false,
        "html": false,
        "json": true
      },
      "version": "6.3.2"
    }
  }
}