{
  "stats": {
    "suites": 1,
    "tests": 5,
    "passes": 5,
    "pending": 0,
    "failures": 0,
    "start": "2026-06-13T15:54:31.007Z",
    "end": "2026-06-13T15:54:57.413Z",
    "duration": 26406,
    "testsRegistered": 5,
    "passPercent": 100,
    "pendingPercent": 0,
    "other": 0,
    "hasOther": false,
    "skipped": 0,
    "hasSkipped": false
  },
  "results": [
    {
      "uuid": "64236e46-149a-4fb3-ba31-35be92b7aff1",
      "title": "",
      "fullFile": "cypress\\e2e\\contact.cy.js",
      "file": "cypress\\e2e\\contact.cy.js",
      "beforeHooks": [],
      "afterHooks": [],
      "tests": [],
      "suites": [
        {
          "uuid": "9c3a95ec-a274-413f-84a6-7e9421fae7b6",
          "title": "Contact Form",
          "fullFile": "",
          "file": "",
          "beforeHooks": [],
          "afterHooks": [],
          "tests": [
            {
              "title": "TC-011: submits successfully with all valid fields",
              "fullTitle": "Contact Form TC-011: submits successfully with all valid fields",
              "timedOut": null,
              "duration": 8500,
              "state": "passed",
              "speed": "medium",
              "pass": true,
              "fail": false,
              "pending": false,
              "context": "{\n  \"title\": \"cypress-mochawesome-reporter-videos-passed\",\n  \"value\": \"cypress\\\\e2e\\\\contact.cy.js\"\n}",
              "code": "cy.get('[data-testid=\"ContactName\"]').type('John Doe');\ncy.get('[data-testid=\"ContactEmail\"]').type('john@example.com');\ncy.get('[data-testid=\"ContactPhone\"]').type('01234567890');\ncy.get('[data-testid=\"ContactSubject\"]').type('Valid Subject Here');\ncy.get('[data-testid=\"ContactDescription\"]').type('This is a valid message with enough characters to pass.');\ncy.get('.d-grid > .btn').click();\ncy.contains('Thanks for getting in touch', {\n  timeout: 8000\n}).should('be.visible');",
              "err": {},
              "uuid": "ff6d32cd-eba5-44e0-8649-f7217f6c8538",
              "parentUUID": "9c3a95ec-a274-413f-84a6-7e9421fae7b6",
              "isHook": false,
              "skipped": false
            },
            {
              "title": "TC-012: shows errors when all fields are empty",
              "fullTitle": "Contact Form TC-012: shows errors when all fields are empty",
              "timedOut": null,
              "duration": 1684,
              "state": "passed",
              "speed": "fast",
              "pass": true,
              "fail": false,
              "pending": false,
              "context": "{\n  \"title\": \"cypress-mochawesome-reporter-videos-passed\",\n  \"value\": \"cypress\\\\e2e\\\\contact.cy.js\"\n}",
              "code": "cy.get('.d-grid > .btn').click();\ncy.get('.alert-danger').should('be.visible');",
              "err": {},
              "uuid": "7787d561-9dd5-4871-924a-d7916a86783c",
              "parentUUID": "9c3a95ec-a274-413f-84a6-7e9421fae7b6",
              "isHook": false,
              "skipped": false
            },
            {
              "title": "TC-013: rejects subject under 5 characters",
              "fullTitle": "Contact Form TC-013: rejects subject under 5 characters",
              "timedOut": null,
              "duration": 5286,
              "state": "passed",
              "speed": "medium",
              "pass": true,
              "fail": false,
              "pending": false,
              "context": "{\n  \"title\": \"cypress-mochawesome-reporter-videos-passed\",\n  \"value\": \"cypress\\\\e2e\\\\contact.cy.js\"\n}",
              "code": "cy.get('[data-testid=\"ContactName\"]').type('John Doe');\ncy.get('[data-testid=\"ContactEmail\"]').type('john@example.com');\ncy.get('[data-testid=\"ContactPhone\"]').type('01234567890');\ncy.get('[data-testid=\"ContactSubject\"]').type('Hi');\ncy.get('[data-testid=\"ContactDescription\"]').type('This is a valid message with enough characters.');\ncy.get('.d-grid > .btn').click();\ncy.get('.alert-danger').should('contain.text', 'Subject must be between 5 and 100 characters');",
              "err": {},
              "uuid": "1d52715f-0ff4-48d6-aca2-60f37573c15f",
              "parentUUID": "9c3a95ec-a274-413f-84a6-7e9421fae7b6",
              "isHook": false,
              "skipped": false
            },
            {
              "title": "TC-014: rejects message under 20 characters",
              "fullTitle": "Contact Form TC-014: rejects message under 20 characters",
              "timedOut": null,
              "duration": 3430,
              "state": "passed",
              "speed": "fast",
              "pass": true,
              "fail": false,
              "pending": false,
              "context": "{\n  \"title\": \"cypress-mochawesome-reporter-videos-passed\",\n  \"value\": \"cypress\\\\e2e\\\\contact.cy.js\"\n}",
              "code": "cy.get('[data-testid=\"ContactName\"]').type('John Doe');\ncy.get('[data-testid=\"ContactEmail\"]').type('john@example.com');\ncy.get('[data-testid=\"ContactPhone\"]').type('01234567890');\ncy.get('[data-testid=\"ContactSubject\"]').type('Valid Subject');\ncy.get('[data-testid=\"ContactDescription\"]').type('Too short');\ncy.get('.d-grid > .btn').click();\ncy.get('.alert-danger').should('be.visible');",
              "err": {},
              "uuid": "aed32d0d-d1cc-4e60-9d27-40fb056691e9",
              "parentUUID": "9c3a95ec-a274-413f-84a6-7e9421fae7b6",
              "isHook": false,
              "skipped": false
            },
            {
              "title": "TC-015: rejects subject over 100 characters",
              "fullTitle": "Contact Form TC-015: rejects subject over 100 characters",
              "timedOut": null,
              "duration": 6722,
              "state": "passed",
              "speed": "medium",
              "pass": true,
              "fail": false,
              "pending": false,
              "context": "{\n  \"title\": \"cypress-mochawesome-reporter-videos-passed\",\n  \"value\": \"cypress\\\\e2e\\\\contact.cy.js\"\n}",
              "code": "cy.fixture('testData').then(data => {\n  cy.get('[data-testid=\"ContactName\"]').type('John Doe');\n  cy.get('[data-testid=\"ContactEmail\"]').type('john@example.com');\n  cy.get('[data-testid=\"ContactPhone\"]').type('01234567890');\n  cy.get('[data-testid=\"ContactSubject\"]').type(data.longString);\n  cy.get('[data-testid=\"ContactDescription\"]').type('This is a valid message with enough characters.');\n  cy.get('.d-grid > .btn').click();\n  cy.get('.alert-danger').should('be.visible');\n});",
              "err": {},
              "uuid": "923124ba-567f-4a96-8610-a8409e6fcc29",
              "parentUUID": "9c3a95ec-a274-413f-84a6-7e9421fae7b6",
              "isHook": false,
              "skipped": false
            }
          ],
          "suites": [],
          "passes": [
            "ff6d32cd-eba5-44e0-8649-f7217f6c8538",
            "7787d561-9dd5-4871-924a-d7916a86783c",
            "1d52715f-0ff4-48d6-aca2-60f37573c15f",
            "aed32d0d-d1cc-4e60-9d27-40fb056691e9",
            "923124ba-567f-4a96-8610-a8409e6fcc29"
          ],
          "failures": [],
          "pending": [],
          "skipped": [],
          "duration": 25622,
          "root": false,
          "rootEmpty": false,
          "_timeout": 2000
        }
      ],
      "passes": [],
      "failures": [],
      "pending": [],
      "skipped": [],
      "duration": 0,
      "root": true,
      "rootEmpty": true,
      "_timeout": 2000
    }
  ],
  "meta": {
    "mocha": {
      "version": "7.2.0"
    },
    "mochawesome": {
      "options": {
        "quiet": false,
        "reportFilename": "mochawesome",
        "saveHtml": false,
        "saveJson": true,
        "consoleReporter": "spec",
        "useInlineDiffs": false,
        "code": true
      },
      "version": "7.1.4"
    },
    "marge": {
      "options": {
        "reportDir": "cypress\\reports\\.jsons",
        "overwrite": false,
        "html": false,
        "json": true
      },
      "version": "6.3.2"
    }
  }
}