{
  "stats": {
    "suites": 1,
    "tests": 4,
    "passes": 4,
    "pending": 0,
    "failures": 0,
    "start": "2026-06-15T10:07:07.413Z",
    "end": "2026-06-15T10:07:26.735Z",
    "duration": 19322,
    "testsRegistered": 4,
    "passPercent": 100,
    "pendingPercent": 0,
    "other": 0,
    "hasOther": false,
    "skipped": 0,
    "hasSkipped": false
  },
  "results": [
    {
      "uuid": "141a8a7f-4593-4562-9cac-f8324517f19b",
      "title": "",
      "fullFile": "cypress\\e2e\\admin-auth.cy.js",
      "file": "cypress\\e2e\\admin-auth.cy.js",
      "beforeHooks": [],
      "afterHooks": [],
      "tests": [],
      "suites": [
        {
          "uuid": "cd0b234c-951c-4a8f-bac6-b8c296f4af3a",
          "title": "Admin Authentication",
          "fullFile": "",
          "file": "",
          "beforeHooks": [],
          "afterHooks": [],
          "tests": [
            {
              "title": "TC-018: logs in with valid credentials",
              "fullTitle": "Admin Authentication TC-018: logs in with valid credentials",
              "timedOut": null,
              "duration": 12512,
              "state": "passed",
              "speed": "slow",
              "pass": true,
              "fail": false,
              "pending": false,
              "context": "{\n  \"title\": \"cypress-mochawesome-reporter-videos-passed\",\n  \"value\": \"cypress\\\\e2e\\\\admin-auth.cy.js\"\n}",
              "code": "cy.visit('/admin');\ncy.get('#username').type(Cypress.env('adminUser'));\ncy.get('#password').type(Cypress.env('adminPass'));\ncy.get('#doLogin').click();\ncy.url().should('include', '/admin');\ncy.contains('Room details');",
              "err": {},
              "uuid": "d8d33b6c-6c7d-40d7-ac73-86ae58ba6e40",
              "parentUUID": "cd0b234c-951c-4a8f-bac6-b8c296f4af3a",
              "isHook": false,
              "skipped": false
            },
            {
              "title": "TC-019: rejects invalid credentials",
              "fullTitle": "Admin Authentication TC-019: rejects invalid credentials",
              "timedOut": null,
              "duration": 2052,
              "state": "passed",
              "speed": "fast",
              "pass": true,
              "fail": false,
              "pending": false,
              "context": "{\n  \"title\": \"cypress-mochawesome-reporter-videos-passed\",\n  \"value\": \"cypress\\\\e2e\\\\admin-auth.cy.js\"\n}",
              "code": "cy.visit('/admin');\ncy.get('#username').type('admin');\ncy.get('#password').type('wrongpassword');\ncy.get('#doLogin').click();\ncy.get('.alert-danger').should('be.visible');\ncy.get('.roomlisting').should('not.exist');",
              "err": {},
              "uuid": "0b34669e-4e29-4cc5-a865-059479b01aa9",
              "parentUUID": "cd0b234c-951c-4a8f-bac6-b8c296f4af3a",
              "isHook": false,
              "skipped": false
            },
            {
              "title": "TC-020: shows error when credentials are blank",
              "fullTitle": "Admin Authentication TC-020: shows error when credentials are blank",
              "timedOut": null,
              "duration": 1448,
              "state": "passed",
              "speed": "fast",
              "pass": true,
              "fail": false,
              "pending": false,
              "context": "{\n  \"title\": \"cypress-mochawesome-reporter-videos-passed\",\n  \"value\": \"cypress\\\\e2e\\\\admin-auth.cy.js\"\n}",
              "code": "cy.visit('/admin');\ncy.get('#doLogin').click();\ncy.get('.alert-danger, .invalid-feedback').should('be.visible');",
              "err": {},
              "uuid": "1a03401d-91ed-43a3-8ead-766fe9564468",
              "parentUUID": "cd0b234c-951c-4a8f-bac6-b8c296f4af3a",
              "isHook": false,
              "skipped": false
            },
            {
              "title": "TC-023: clears session on logout",
              "fullTitle": "Admin Authentication TC-023: clears session on logout",
              "timedOut": null,
              "duration": 2202,
              "state": "passed",
              "speed": "fast",
              "pass": true,
              "fail": false,
              "pending": false,
              "context": "{\n  \"title\": \"cypress-mochawesome-reporter-videos-passed\",\n  \"value\": \"cypress\\\\e2e\\\\admin-auth.cy.js\"\n}",
              "code": "cy.visit('/admin');\ncy.get('#username').type('admin');\ncy.get('#password').type('password');\ncy.get('#doLogin').click();\ncy.get('.ms-auto > :nth-child(2) > .btn').click();\ncy.clearCookies();\n// cy.visit('/admin')\n// cy.get('#username').should('be.visible')\n// cy.get('.roomlisting').should('not.exist')",
              "err": {},
              "uuid": "abcb15c7-3dcb-43b2-96af-00d69e014e98",
              "parentUUID": "cd0b234c-951c-4a8f-bac6-b8c296f4af3a",
              "isHook": false,
              "skipped": false
            }
          ],
          "suites": [],
          "passes": [
            "d8d33b6c-6c7d-40d7-ac73-86ae58ba6e40",
            "0b34669e-4e29-4cc5-a865-059479b01aa9",
            "1a03401d-91ed-43a3-8ead-766fe9564468",
            "abcb15c7-3dcb-43b2-96af-00d69e014e98"
          ],
          "failures": [],
          "pending": [],
          "skipped": [],
          "duration": 18214,
          "root": false,
          "rootEmpty": false,
          "_timeout": 2000
        }
      ],
      "passes": [],
      "failures": [],
      "pending": [],
      "skipped": [],
      "duration": 0,
      "root": true,
      "rootEmpty": true,
      "_timeout": 2000
    }
  ],
  "meta": {
    "mocha": {
      "version": "7.2.0"
    },
    "mochawesome": {
      "options": {
        "quiet": false,
        "reportFilename": "mochawesome",
        "saveHtml": false,
        "saveJson": true,
        "consoleReporter": "spec",
        "useInlineDiffs": false,
        "code": true
      },
      "version": "7.1.4"
    },
    "marge": {
      "options": {
        "reportDir": "cypress\\reports\\.jsons",
        "overwrite": false,
        "html": false,
        "json": true
      },
      "version": "6.3.2"
    }
  }
}